ERROR 2022-07-20 21:05:13,791 redisinsight Unknown command error from redis instance:
Traceback (most recent call last):
  File "./redisinsight/utils/__init__.py", line 199, in _wrapped_view
  File "./redisinsight/core/views/decorators.py", line 21, in wrapped_view
  File "./redisinsight/browser/decorators.py", line 36, in _wrapped_view
  File "./redisinsight/browser/views.py", line 144, in get_val_details
  File "./redisinsight/browser/services/api.py", line 165, in get_value_details
  File "./redisinsight/browser/services/manager.py", line 1056, in get
  File "./redisinsight/browser/services/utils.py", line 31, in is_value_too_large
  File "./redisinsight/browser/services/utils.py", line 20, in get_memory_usage
  File "/usr/local/lib/python3.6/site-packages/redis/client.py", line 901, in execute_command
    return self.parse_response(conn, command_name, **options)
  File "/usr/local/lib/python3.6/site-packages/redis/client.py", line 915, in parse_response
    response = connection.read_response()
  File "/usr/local/lib/python3.6/site-packages/redis/connection.py", line 756, in read_response
    raise response
redis.exceptions.ResponseError: unknown command 'MEMORY'
ERROR 2022-07-20 21:05:13,893 django.request Unknown Status Code: /api/instance/e62f6f95-191f-4e46-ab15-9ed33d894d68/value-details/
ERROR 2022-07-20 21:05:14,950 redisinsight Unknown command error from redis instance:
Traceback (most recent call last):
  File "./redisinsight/utils/__init__.py", line 199, in _wrapped_view
  File "./redisinsight/core/views/decorators.py", line 21, in wrapped_view
  File "./redisinsight/browser/decorators.py", line 36, in _wrapped_view
  File "./redisinsight/browser/views.py", line 144, in get_val_details
  File "./redisinsight/browser/services/api.py", line 165, in get_value_details
  File "./redisinsight/browser/services/manager.py", line 1056, in get
  File "./redisinsight/browser/services/utils.py", line 31, in is_value_too_large
  File "./redisinsight/browser/services/utils.py", line 20, in get_memory_usage
  File "/usr/local/lib/python3.6/site-packages/redis/client.py", line 901, in execute_command
    return self.parse_response(conn, command_name, **options)
  File "/usr/local/lib/python3.6/site-packages/redis/client.py", line 915, in parse_response
    response = connection.read_response()
  File "/usr/local/lib/python3.6/site-packages/redis/connection.py", line 756, in read_response
    raise response
redis.exceptions.ResponseError: unknown command 'MEMORY'
ERROR 2022-07-20 21:05:14,954 django.request Unknown Status Code: /api/instance/e62f6f95-191f-4e46-ab15-9ed33d894d68/value-details/
WARNING 2022-07-20 21:05:52,757 django.request Bad Request: /api/instance/e62f6f95-191f-4e46-ab15-9ed33d894d68/redisgraph/check-module-loaded/
ERROR 2022-07-20 21:06:02,714 redisinsight Unknown command error from redis instance:
Traceback (most recent call last):
  File "./redisinsight/utils/__init__.py", line 199, in _wrapped_view
  File "./redisinsight/core/views/decorators.py", line 21, in wrapped_view
  File "./redisinsight/browser/decorators.py", line 36, in _wrapped_view
  File "./redisinsight/browser/views.py", line 144, in get_val_details
  File "./redisinsight/browser/services/api.py", line 165, in get_value_details
  File "./redisinsight/browser/services/manager.py", line 1056, in get
  File "./redisinsight/browser/services/utils.py", line 31, in is_value_too_large
  File "./redisinsight/browser/services/utils.py", line 20, in get_memory_usage
  File "/usr/local/lib/python3.6/site-packages/redis/client.py", line 901, in execute_command
    return self.parse_response(conn, command_name, **options)
  File "/usr/local/lib/python3.6/site-packages/redis/client.py", line 915, in parse_response
    response = connection.read_response()
  File "/usr/local/lib/python3.6/site-packages/redis/connection.py", line 756, in read_response
    raise response
redis.exceptions.ResponseError: unknown command 'MEMORY'
ERROR 2022-07-20 21:06:02,717 django.request Unknown Status Code: /api/instance/e62f6f95-191f-4e46-ab15-9ed33d894d68/value-details/
